<?xml version="1.0" encoding="UTF-8"?>
<!-- Generated by org.testng.reporters.JUnitReportReporter -->
<testsuite hostname="Mohameds-MacBook-Pro.local" failures="0" tests="3" name="com.chase.testrestart.DynamicJson" time="3.270" errors="0" timestamp="2023-06-06T23:12:33 CDT" skipped="0">
  <testcase classname="com.chase.testrestart.DynamicJson" name="addBook" time="0.600"/>
  <system-out/>
  <testcase classname="com.chase.testrestart.DynamicJson" name="addBook" time="0.581"/>
  <system-out/>
  <testcase classname="com.chase.testrestart.DynamicJson" name="addBook" time="2.089"/>
  <system-out/>
</testsuite> <!-- com.chase.testrestart.DynamicJson -->
