<?xml version="1.0" encoding="UTF-8"?>
<!-- Generated by org.testng.reporters.JUnitReportReporter -->
<testsuite hostname="Mohameds-MacBook-Pro.local" failures="0" tests="1" name="com.chase.testrestart.CourseTotalPrice" time="0.993" errors="0" timestamp="2023-06-06T17:55:24 CDT" skipped="0">
  <testcase classname="com.chase.testrestart.CourseTotalPrice" name="compareAmount" time="0.993"/>
  <system-out/>
</testsuite> <!-- com.chase.testrestart.CourseTotalPrice -->
